  Source.cpp
D:\Coding\Tests\Sortings\Sortings\Source.cpp(22,23): warning C4305: 'initializing': truncation from 'double' to 'float'
D:\Coding\Tests\Sortings\Sortings\Source.cpp(25,19): warning C4244: '=': conversion from 'float' to 'int', possible loss of data
D:\Coding\Tests\Sortings\Sortings\Source.cpp(421,23): warning C4018: '<': signed/unsigned mismatch
D:\Coding\Tests\Sortings\Sortings\Source.cpp(808,15): warning C4244: 'initializing': conversion from 'double' to 'int', possible loss of data
D:\Coding\Tests\Sortings\Sortings\Source.cpp(853,15): warning C4244: 'initializing': conversion from 'double' to 'int', possible loss of data
D:\Coding\Tests\Sortings\Sortings\Source.cpp(1130,19): warning C4244: 'initializing': conversion from 'double' to 'int', possible loss of data
D:\Coding\Tests\Sortings\Sortings\Source.cpp(1127,118): warning C4101: 'tmp': unreferenced local variable
D:\Coding\Tests\Sortings\Sortings\Source.cpp(1181,19): warning C4244: 'initializing': conversion from 'double' to 'int', possible loss of data
D:\Coding\Tests\Sortings\Sortings\Source.cpp(1178,118): warning C4101: 'tmp': unreferenced local variable
D:\Coding\Tests\Sortings\Sortings\Source.cpp(1288,15): warning C4244: 'initializing': conversion from 'double' to 'int', possible loss of data
D:\Coding\Tests\Sortings\Sortings\Source.cpp(1292,27): warning C4018: '<': signed/unsigned mismatch
D:\Coding\Tests\Sortings\Sortings\Source.cpp(1570,15): warning C4244: 'return': conversion from 'double' to 'int', possible loss of data
D:\Coding\Tests\Sortings\Sortings\Source.cpp(1727,15): warning C4244: 'argument': conversion from 'time_t' to 'unsigned int', possible loss of data
  Generating code
  2 of 25 functions ( 8.0%) were compiled, the rest were copied from previous compilation.
    0 functions were new in current compilation
    0 functions had inline decision re-evaluated but remain unchanged
  Finished generating code
  Sortings.vcxproj -> D:\Coding\Tests\Sortings\Release\Sortings.exe
