  Source.cpp
D:\Projects\Sortings\Sortings\Source.cpp(750,15): warning C4244: 'initializing': conversion from 'double' to 'int', possible loss of data
D:\Projects\Sortings\Sortings\Source.cpp(795,15): warning C4244: 'initializing': conversion from 'double' to 'int', possible loss of data
D:\Projects\Sortings\Sortings\Source.cpp(1072,19): warning C4244: 'initializing': conversion from 'double' to 'int', possible loss of data
D:\Projects\Sortings\Sortings\Source.cpp(1069,118): warning C4101: 'tmp': unreferenced local variable
D:\Projects\Sortings\Sortings\Source.cpp(1123,19): warning C4244: 'initializing': conversion from 'double' to 'int', possible loss of data
D:\Projects\Sortings\Sortings\Source.cpp(1120,118): warning C4101: 'tmp': unreferenced local variable
D:\Projects\Sortings\Sortings\Source.cpp(1230,15): warning C4244: 'initializing': conversion from 'double' to 'int', possible loss of data
D:\Projects\Sortings\Sortings\Source.cpp(1617,23): warning C4305: 'initializing': truncation from 'double' to 'float'
D:\Projects\Sortings\Sortings\Source.cpp(1620,19): warning C4244: '=': conversion from 'float' to 'int', possible loss of data
D:\Projects\Sortings\Sortings\Source.cpp(2171,16): warning C4244: 'initializing': conversion from 'double' to 'int', possible loss of data
D:\Projects\Sortings\Sortings\Source.cpp(2172,15): warning C4244: 'return': conversion from 'double' to 'int', possible loss of data
D:\Projects\Sortings\Sortings\Source.cpp(2184,29): warning C4244: '=': conversion from 'int' to 'float', possible loss of data
D:\Projects\Sortings\Sortings\Source.cpp(2185,18): warning C4244: '=': conversion from 'const _Ty' to 'float', possible loss of data
          with
          [
              _Ty=int
          ]
D:\Projects\Sortings\Sortings\Source.cpp(2192,33): warning C4244: '=': conversion from 'int' to 'float', possible loss of data
D:\Projects\Sortings\Sortings\Source.cpp(2193,44): warning C4244: '=': conversion from 'int' to 'float', possible loss of data
D:\Projects\Sortings\Sortings\Source.cpp(2194,22): warning C4244: '=': conversion from 'const _Ty' to 'float', possible loss of data
          with
          [
              _Ty=int
          ]
D:\Projects\Sortings\Sortings\Source.cpp(2280,15): warning C4244: 'argument': conversion from 'time_t' to 'unsigned int', possible loss of data
  Generating code
  2 of 130 functions ( 1.5%) were compiled, the rest were copied from previous compilation.
    1 functions were new in current compilation
    1 functions had inline decision re-evaluated but remain unchanged
  Finished generating code
  Sortings.vcxproj -> D:\Projects\Sortings\x64\Release\Sortings.exe
